temp/xxnedtmp1/event.log NEWFILE1
temp/xxnedtmp1/text.log NEWFILE2
temp/xxnedtmp1/environ.log NEWFILE3
C:\Cadence\SPB_16.5\share\cdssetup/concept/concepthdl.scr FILE4
C:\Users\jyzhiyu\Desktop\IM141118001-Wee-pkg\IM141118001-Wee\ESP8266BEE\cds.lib FILE5
C:\Users\jyzhiyu\Desktop\IM141118001-Wee-pkg\IM141118001-Wee\ESP8266BEE\worklib\sch\sch_1\page1.csb FILE6
C:\Users\jyzhiyu\Desktop\IM141118001-Wee-pkg\IM141118001-Wee\ESP8266BEE\worklib\sch\sch_1\page1_csb.lck NEWFILE7
temp/xxnedtmp1/undo1.log NEWFILE8
C:\Cadence\SPB_16.5\share\library\standard\b#20size#20page\sym_1\symbol.css FILE9
z:\logicsymbol\switch\s_1p2t\sym_1\symbol.css FILE10
C:\Cadence\SPB_16.5\share\library\standard\gnd\sym_1\symbol.css FILE11
z:\logicsymbol\discrete\cap\sym_1\symbol.css FILE12
z:\logicsymbol\discrete\res\sym_1\symbol.css FILE13
z:\logicsymbol\diode\led\sym_1\symbol.css FILE14
C:\Cadence\SPB_16.5\share\library\standard\vcc_bar\sym_1\symbol.css FILE15
z:\logicsymbol\socket\bee\sym_1\symbol.css FILE16
z:\logicsymbol\misc_ic\esp8266\sym_1\symbol.css FILE17
z:\logicsymbol\discrete\ant#2dse\sym_1\symbol.css FILE18
z:\logicsymbol\crystal_osc\xtal4p\sym_1\symbol.css FILE19
z:\logicsymbol\ram_flash\25q80bvsig\sym_1\symbol.css FILE20
C:/Users/jyzhiyu/Desktop/IM141118001-Wee-pkg/IM141118001-Wee/ESP8266BEE/worklib/sch/sch_1/sch.xcon FILE21
C:/Users/jyzhiyu/Desktop/IM141118001-Wee-pkg/IM141118001-Wee/ESP8266BEE/worklib/sch/sch_1/sch.dcf FILE22
C:\Users\jyzhiyu\Desktop\IM141118001-Wee-pkg\IM141118001-Wee\ESP8266BEE\worklib\sch\sch_1\page1_csa.lck NEWFILE23
C:/Users/jyzhiyu/AppData/Local/Temp/con7720.tmp FILE24
C:/Users/jyzhiyu/AppData/Local/Temp/conC00.tmp FILE25
