Reading Layer Conversion File 
Reading DXF file...
NOTE: Replacing illegal character $ with X in SMOOTH_0$1.
NOTE: Replacing illegal character $ with X in SMOOTH_0$1.
NOTE: Replacing illegal character $ with X in SMOOTH_0$1.
NOTE: Replacing illegal character $ with X in SMOOTH_0$1.
NOTE: Replacing illegal character $ with X in SMOOTH_0$1.
NOTE: Replacing illegal character $ with X in SMOOTH_0$1.
NOTE: Replacing illegal character $ with X in SMOOTH_0$1.
NOTE: Replacing illegal character $ with X in SMOOTH_0$1.
NOTE: Replacing illegal character $ with X in SMOOTH_0$1.
NOTE: Replacing illegal character $ with X in SMOOTH_0$1.
NOTE: Replacing illegal character $ with X in SMOOTH_0$1.
NOTE: Replacing illegal character $ with X in SMOOTH_0$1.
NOTE: Replacing illegal character $ with X in SMOOTH_0$1.
NOTE: Replacing illegal character $ with X in SMOOTH_0$1.
NOTE: Replacing illegal character $ with X in SMOOTH_0$1.
NOTE: Replacing illegal character $ with X in SMOOTH_0$1.
NOTE: Replacing illegal character $ with X in SMOOTH_0$1.
NOTE: Replacing illegal character $ with X in SMOOTH_0$1.
NOTE: Replacing illegal character $ with X in SMOOTH_0$1.
NOTE: Replacing illegal character $ with X in SMOOTH_0$1.
NOTE: Replacing illegal character $ with X in SMOOTH_0$1.
NOTE: Replacing illegal character $ with X in SMOOTH_0$1.
NOTE: Replacing illegal character $ with X in SMOOTH_0$1.
NOTE: Replacing illegal character $ with X in SMOOTH_0$1.
NOTE: Replacing illegal character $ with X in SMOOTH_0$1.
NOTE: Replacing illegal character $ with X in SMOOTH_0$1.
NOTE: Replacing illegal character $ with X in SMOOTH_0$1.
NOTE: Replacing illegal character $ with X in SMOOTH_0$1.
NOTE: Replacing illegal character $ with X in SMOOTH_0$1.
NOTE: Replacing illegal character $ with X in SMOOTH_0$1.
NOTE: Replacing illegal character $ with X in SMOOTH_0$1.
NOTE: Replacing illegal character $ with X in SMOOTH_0$1.
NOTE: Replacing illegal character $ with X in SMOOTH_0$1.
NOTE: Replacing illegal character $ with X in SMOOTH_0$1.
NOTE: Replacing illegal character $ with X in SMOOTH_0$1.
NOTE: Replacing illegal character $ with X in SMOOTH_0$1.
NOTE: Replacing illegal character $ with X in SMOOTH_0$1.
NOTE: Replacing illegal character $ with X in SMOOTH_0$1.
NOTE: Replacing illegal character $ with X in SMOOTH_0$1.
NOTE: Replacing illegal character $ with X in SMOOTH_0$1.
NOTE: Replacing illegal character $ with X in SMOOTH_0$1.
NOTE: Replacing illegal character $ with X in SMOOTH_0$1.
NOTE: Replacing illegal character $ with X in SMOOTH_0$1.
NOTE: Replacing illegal character $ with X in SMOOTH_0$1.
NOTE: Replacing illegal character $ with X in SMOOTH_0$1.
NOTE: Replacing illegal character $ with X in SMOOTH_0$1.
NOTE: Replacing illegal character $ with X in SMOOTH_0$1.
NOTE: Replacing illegal character $ with X in SMOOTH_0$1.
NOTE: Replacing illegal character $ with X in SMOOTH_0$1.
NOTE: Replacing illegal character $ with X in SMOOTH_0$1.
NOTE: Replacing illegal character $ with X in SMOOTH_0$1.
NOTE: Replacing illegal character $ with X in SMOOTH_0$1.
NOTE: Replacing illegal character $ with X in SMOOTH_0$1.
NOTE: Replacing illegal character $ with X in SMOOTH_0$1.
NOTE: Replacing illegal character $ with X in SMOOTH_0$1.
NOTE: Replacing illegal character $ with X in SMOOTH_0$1.
NOTE: Replacing illegal character $ with X in SMOOTH_0$1.
NOTE: Replacing illegal character $ with X in SMOOTH_0$1.
NOTE: Replacing illegal character $ with X in SMOOTH_0$1.
NOTE: Replacing illegal character $ with X in SMOOTH_0$1.
NOTE: Replacing illegal character $ with X in SMOOTH_0$1.
NOTE: Replacing illegal character $ with X in SMOOTH_0$1.
NOTE: Replacing illegal character $ with X in SMOOTH_0$1.
NOTE: Replacing illegal character $ with X in SMOOTH_0$1.
NOTE: Replacing illegal character $ with X in SMOOTH_0$1.
NOTE: Replacing illegal character $ with X in SMOOTH_0$1.
NOTE: Replacing illegal character $ with X in SMOOTH_0$1.
NOTE: Replacing illegal character $ with X in SMOOTH_0$1.
NOTE: Replacing illegal character $ with X in SMOOTH_0$1.
NOTE: Replacing illegal character $ with X in SMOOTH_0$1.
NOTE: Replacing illegal character $ with X in SMOOTH_0$1.
NOTE: Replacing illegal character $ with X in SMOOTH_0$1.
NOTE: Replacing illegal character $ with X in SMOOTH_0$1.
NOTE: Replacing illegal character $ with X in SMOOTH_0$1.
NOTE: Replacing illegal character $ with X in SMOOTH_0$1.
NOTE: Replacing illegal character $ with X in SMOOTH_0$1.
NOTE: Replacing illegal character $ with X in SMOOTH_0$1.
NOTE: Replacing illegal character $ with X in SMOOTH_0$1.
NOTE: Replacing illegal character $ with X in SMOOTH_0$1.
NOTE: Replacing illegal character $ with X in SMOOTH_0$1.
NOTE: Replacing illegal character $ with X in SMOOTH_0$1.
NOTE: Replacing illegal character $ with X in SMOOTH_0$1.
NOTE: Replacing illegal character $ with X in SMOOTH_0$1.
NOTE: Replacing illegal character $ with X in SMOOTH_0$1.
NOTE: Replacing illegal character $ with X in SMOOTH_0$1.
NOTE: Replacing illegal character $ with X in SMOOTH_0$1.
NOTE: Replacing illegal character $ with X in SMOOTH_0$1.
NOTE: Replacing illegal character $ with X in SMOOTH_0$1.
done.
WARNING: DXF extents are too large to for Allegro.
  Continuing at maximum db extents.
  DXF entities outside these extents will be lost.
Layer conversion file: Z:/PCBSymbol/Bee_Outline_l.cnv
DXF file: Z:/PCBSymbol/Bee_Outline.dxf
BRD file: #Taaaaaf09176.tmp
Update existing design?: YES
Use default text?: NO
DXF units: MILLIMETERS
Design units: MILS
Design precision: 1
dxf2a complete.
