(---------------------------------------------------------------------)
(                                                                     )
(    NC DRILL Log                                                     )
(                                                                     )
(    Drawing          : wee.brd                                       )
(    Software Version : 16.5S056                                      )
(    Date/Time        : Tue Dec 16 20:42:02 2014                      )
(                                                                     )
(---------------------------------------------------------------------)



 Processing NC Parameters file ...

 NC PARAMETERS
 -------------

 FORMAT   		2.3
 MACHINE-OFFSET		x:0.000000	y:0.000000
 FEEDRATE		1
 COORDINATES		ABSOLUTE
 OUTPUT-UNITS		ENGLISH
 TOOL-ORDER		INCREASING
 REPEAT-CODES		YES
 SUPPRESS-LEAD-ZEROES	NO
 SUPPRESS-TRAIL-ZEROES	NO
 SUPPRESS-EQUAL		NO
 TOOL-SELECT		NO
 HEADER			none
 LEADER			12
 CODE			ASCII
 SEPARATE		NO
 OPTIMIZE_DRILLING	NO
 ENHANCED_EXCELLON	NO
 SCALE			1.000000

 WARNING: Design precision is greater than that of the drill output file data.
          Data rounding errors are very possible.


 Drill files being output to directory 'C:/Users/jyzhiyu/Desktop/IM141118001-Wee-pkg/IM141118001-Wee/ESP8266BEE/worklib/sch/physical/gerber' ...



     'wee-1-2.drl' created for holes connecting TOP and BOTTOM
     ---------------------------------------------------------

           Num     Size      +/- Tolerance     Plating   Quantity

            1.  11.8000    0.0000/  0.0000      PLATED         53
            2.  29.5000    0.0000/  0.0000      PLATED         20
            3.  31.5000    0.0000/  0.0000  NON_PLATED          2

     ---- Total holes:                                         75

     ---- Total head travel:              1.39 feet (0.42 meters)

