temp/xxnedtmp/event.log NEWFILE1
temp/xxnedtmp/text.log NEWFILE2
temp/xxnedtmp/environ.log NEWFILE3
C:\Cadence\SPB_16.5\share\cdssetup/concept/concepthdl.scr FILE4
C:\Users\jyzhiyu\Dropbox\work\ESP8266BEE\cds.lib FILE5
temp/xxnedtmp/undo1.log NEWFILE6
C:\Cadence\SPB_16.5\share\library\standard\b#20size#20page\sym_1\symbol.css FILE7
C:/Users/jyzhiyu/AppData/Local/Temp/con986F.tmp FILE8
C:\Cadence\SPB_16.5\share\library\standard\gnd\sym_1\symbol.css FILE9
z:\logicsymbol\discrete\cap\sym_1\symbol.css FILE10
C:\Cadence\SPB_16.5\share\library\standard\vcc_bar\sym_1\symbol.css FILE11
z:\logicsymbol\discrete\res\sym_1\symbol.css FILE12
z:\logicsymbol\connector\con_4x1\sym_1\symbol.css FILE13
z:\logicsymbol\ram_flash\25q80bvsig\sym_1\symbol.css FILE14
z:\logicsymbol\crystal_osc\xtal4p\sym_1\symbol.css FILE15
z:\logicsymbol\discrete\ant#2dse\sym_1\symbol.css FILE16
z:\logicsymbol\switch\s_1p1t\sym_1\symbol.css FILE17
z:\logicsymbol\connector\con_2x1\sym_1\symbol.css FILE18
z:\logicsymbol\misc_ic\esp8266\sym_1\symbol.css FILE19
z:\logicsymbol\socket\bee\sym_1\symbol.css FILE20
C:/Users/jyzhiyu/AppData/Local/Temp/con67AF.tmp FILE21
C:/Users/jyzhiyu/AppData/Local/Temp/con8B75.tmp FILE22
C:/Users/jyzhiyu/AppData/Local/Temp/con9EE7.tmp FILE23
C:/Users/jyzhiyu/AppData/Local/Temp/conBE59.tmp FILE24
C:/Users/jyzhiyu/AppData/Local/Temp/conDD40.tmp FILE25
C:/Users/jyzhiyu/AppData/Local/Temp/con5DF4.tmp FILE26
C:/Cadence/SPB_16.5/tools/language/config.dat FILE27
temp/xxnedtmp/concept.mkr NEWFILE28
C:/Cadence/SPB_16.5/tools/language/pack_type_rename.dat NEWFILE29
temp/xxnedtmp/../bee.mkr NEWFILE30
temp/xxnedtmp/../vcc_bar.mkr NEWFILE31
temp/xxnedtmp/../25q80bvsig.mkr NEWFILE32
temp/xxnedtmp/../b#20size#20page.mkr NEWFILE33
temp/xxnedtmp/../con_2x1.mkr NEWFILE34
temp/xxnedtmp/../gnd.mkr NEWFILE35
temp/xxnedtmp/../con_4x1.mkr NEWFILE36
temp/xxnedtmp/../cap.mkr NEWFILE37
temp/xxnedtmp/../esp8266.mkr NEWFILE38
temp/xxnedtmp/../res.mkr NEWFILE39
temp/xxnedtmp/../ant#2dse.mkr NEWFILE40
temp/xxnedtmp/../xtal4p.mkr NEWFILE41
C:\Users\jyzhiyu\Dropbox\work\ESP8266BEE\worklib\sch\sch_1\page1.csb NEWFILE42
C:\Users\jyzhiyu\Dropbox\work\ESP8266BEE\worklib\sch\sch_1\page1.csa NEWFILE43
C:\Users\jyzhiyu\Dropbox\work\ESP8266BEE\worklib\sch\sch_1\page1.csv NEWFILE44
C:\Users\jyzhiyu\Dropbox\work\ESP8266BEE\worklib\sch\sch_1\pc.db NEWFILE45
C:\Users\jyzhiyu\Dropbox\work\ESP8266BEE\worklib\sch\sch_1\page1_csb.lck NEWFILE46
C:/Users/jyzhiyu/Dropbox/work/ESP8266BEE/worklib/sch/sch_1/sch_xcon.lck NEWFILE47
C:/Users/jyzhiyu/Dropbox/work/ESP8266BEE/worklib/sch/sch_1/sch_dcf.lck NEWFILE48
temp/xxnedtmp/csnetlister.mkr NEWFILE49
C:\Users\jyzhiyu\Dropbox\work\ESP8266BEE\worklib\sch\sch_1\page1_csa.lck NEWFILE50
C:/Users/jyzhiyu/Dropbox/work/ESP8266BEE/worklib/sch/sch_1/sch.xcon FILE51
C:/Users/jyzhiyu/Dropbox/work/ESP8266BEE/worklib/sch/sch_1/sch.dcf FILE52
C:\Users\jyzhiyu\Dropbox\work\ESP8266BEE\worklib\sch\packaged/pstback.dat FILE53
z:\logicsymbol\diode\led\sym_1\symbol.css FILE54
C:/Users/jyzhiyu/AppData/Local/Temp/con6A54.tmp FILE55
C:/Users/jyzhiyu/AppData/Local/Temp/con8361.tmp FILE56
C:/Users/jyzhiyu/AppData/Local/Temp/con473.tmp FILE57
C:/Users/jyzhiyu/AppData/Local/Temp/con1823.tmp FILE58
temp/xxnedtmp/../led.mkr NEWFILE59
C:/Users/jyzhiyu/AppData/Local/Temp/con8641.tmp FILE60
C:/Users/jyzhiyu/AppData/Local/Temp/con934C.tmp FILE61
C:/Users/jyzhiyu/AppData/Local/Temp/conA0D5.tmp FILE62
C:/Users/jyzhiyu/AppData/Local/Temp/con1931.tmp FILE63
C:/Users/jyzhiyu/AppData/Local/Temp/con3807.tmp FILE64
